# JRE version: Java(TM) SE Runtime Environment (8.0_191-b12) (build 1.8.0_191-b12)
# Java VM: Java HotSpot(TM) 64-Bit Server VM (25.191-b12 mixed mode windows-amd64 compressed oops)
Heap:
 PSYoungGen      total 410624K, used 324743K [0x00000000d5580000, 0x00000000f0400000, 0x0000000100000000)
  eden space 384000K, 79% used [0x00000000d5580000,0x00000000e7f40aa8,0x00000000ecc80000)
  from space 26624K, 74% used [0x00000000ee780000,0x00000000efae11d0,0x00000000f0180000)
  to   space 27648K, 0% used [0x00000000ecc80000,0x00000000ecc80000,0x00000000ee780000)
 ParOldGen       total 432128K, used 36372K [0x0000000080000000, 0x000000009a600000, 0x00000000d5580000)
  object space 432128K, 8% used [0x0000000080000000,0x0000000082385060,0x000000009a600000)
 Metaspace       used 78592K, capacity 82622K, committed 82816K, reserved 1120256K
  class space    used 10853K, capacity 11583K, committed 11648K, reserved 1048576K
GC Heap History (10 events):
Event: 14.730 GC heap before
{Heap before GC invocations=7 (full 2):
 PSYoungGen      total 208896K, used 187392K [0x00000000d5580000, 0x00000000e5500000, 0x0000000100000000)
  eden space 187392K, 100% used [0x00000000d5580000,0x00000000e0c80000,0x00000000e0c80000)
  from space 21504K, 0% used [0x00000000e2180000,0x00000000e2180000,0x00000000e3680000)
  to   space 21504K, 0% used [0x00000000e0c80000,0x00000000e0c80000,0x00000000e2180000)
 ParOldGen       total 317440K, used 15843K [0x0000000080000000, 0x0000000093600000, 0x00000000d5580000)
  object space 317440K, 4% used [0x0000000080000000,0x0000000080f78ff0,0x0000000093600000)
 Metaspace       used 38641K, capacity 40438K, committed 40576K, reserved 1083392K
  class space    used 5354K, capacity 5716K, committed 5760K, reserved 1048576K
Event: 14.737 GC heap after
Heap after GC invocations=7 (full 2):
 PSYoungGen      total 208896K, used 9430K [0x00000000d5580000, 0x00000000e7e80000, 0x0000000100000000)
  eden space 187392K, 0% used [0x00000000d5580000,0x00000000d5580000,0x00000000e0c80000)
  from space 21504K, 43% used [0x00000000e0c80000,0x00000000e15b5800,0x00000000e2180000)
  to   space 16384K, 0% used [0x00000000e6e80000,0x00000000e6e80000,0x00000000e7e80000)
 ParOldGen       total 317440K, used 15851K [0x0000000080000000, 0x0000000093600000, 0x00000000d5580000)
  object space 317440K, 4% used [0x0000000080000000,0x0000000080f7aff0,0x0000000093600000)
 Metaspace       used 38641K, capacity 40438K, committed 40576K, reserved 1083392K
  class space    used 5354K, capacity 5716K, committed 5760K, reserved 1048576K
}
Event: 16.238 GC heap before
{Heap before GC invocations=8 (full 2):
 PSYoungGen      total 208896K, used 196822K [0x00000000d5580000, 0x00000000e7e80000, 0x0000000100000000)
  eden space 187392K, 100% used [0x00000000d5580000,0x00000000e0c80000,0x00000000e0c80000)
  from space 21504K, 43% used [0x00000000e0c80000,0x00000000e15b5800,0x00000000e2180000)
  to   space 16384K, 0% used [0x00000000e6e80000,0x00000000e6e80000,0x00000000e7e80000)
 ParOldGen       total 317440K, used 15851K [0x0000000080000000, 0x0000000093600000, 0x00000000d5580000)
  object space 317440K, 4% used [0x0000000080000000,0x0000000080f7aff0,0x0000000093600000)
 Metaspace       used 51453K, capacity 53724K, committed 53888K, reserved 1095680K
  class space    used 7020K, capacity 7477K, committed 7552K, reserved 1048576K
Event: 16.251 GC heap after
Heap after GC invocations=8 (full 2):
 PSYoungGen      total 281600K, used 16359K [0x00000000d5580000, 0x00000000e8500000, 0x0000000100000000)
  eden space 265216K, 0% used [0x00000000d5580000,0x00000000d5580000,0x00000000e5880000)
  from space 16384K, 99% used [0x00000000e6e80000,0x00000000e7e79d20,0x00000000e7e80000)
  to   space 22528K, 0% used [0x00000000e5880000,0x00000000e5880000,0x00000000e6e80000)
 ParOldGen       total 317440K, used 23222K [0x0000000080000000, 0x0000000093600000, 0x00000000d5580000)
  object space 317440K, 7% used [0x0000000080000000,0x00000000816adb60,0x0000000093600000)
 Metaspace       used 51453K, capacity 53724K, committed 53888K, reserved 1095680K
  class space    used 7020K, capacity 7477K, committed 7552K, reserved 1048576K
}
Event: 16.829 GC heap before
{Heap before GC invocations=9 (full 2):
 PSYoungGen      total 281600K, used 101934K [0x00000000d5580000, 0x00000000e8500000, 0x0000000100000000)
  eden space 265216K, 32% used [0x00000000d5580000,0x00000000da911d20,0x00000000e5880000)
  from space 16384K, 99% used [0x00000000e6e80000,0x00000000e7e79d20,0x00000000e7e80000)
  to   space 22528K, 0% used [0x00000000e5880000,0x00000000e5880000,0x00000000e6e80000)
 ParOldGen       total 317440K, used 23222K [0x0000000080000000, 0x0000000093600000, 0x00000000d5580000)
  object space 317440K, 7% used [0x0000000080000000,0x00000000816adb60,0x0000000093600000)
 Metaspace       used 56679K, capacity 59054K, committed 59136K, reserved 1099776K
  class space    used 7913K, capacity 8406K, committed 8448K, reserved 1048576K
Event: 16.844 GC heap after
Heap after GC invocations=9 (full 2):
 PSYoungGen      total 287744K, used 22520K [0x00000000d5580000, 0x00000000f0180000, 0x0000000100000000)
  eden space 265216K, 0% used [0x00000000d5580000,0x00000000d5580000,0x00000000e5880000)
  from space 22528K, 99% used [0x00000000e5880000,0x00000000e6e7e018,0x00000000e6e80000)
  to   space 26624K, 0% used [0x00000000ee780000,0x00000000ee780000,0x00000000f0180000)
 ParOldGen       total 317440K, used 24868K [0x0000000080000000, 0x0000000093600000, 0x00000000d5580000)
  object space 317440K, 7% used [0x0000000080000000,0x00000000818491f0,0x0000000093600000)
 Metaspace       used 56679K, capacity 59054K, committed 59136K, reserved 1099776K
  class space    used 7913K, capacity 8406K, committed 8448K, reserved 1048576K
}
Event: 16.844 GC heap before
{Heap before GC invocations=10 (full 3):
 PSYoungGen      total 287744K, used 22520K [0x00000000d5580000, 0x00000000f0180000, 0x0000000100000000)
  eden space 265216K, 0% used [0x00000000d5580000,0x00000000d5580000,0x00000000e5880000)
  from space 22528K, 99% used [0x00000000e5880000,0x00000000e6e7e018,0x00000000e6e80000)
  to   space 26624K, 0% used [0x00000000ee780000,0x00000000ee780000,0x00000000f0180000)
 ParOldGen       total 317440K, used 24868K [0x0000000080000000, 0x0000000093600000, 0x00000000d5580000)
  object space 317440K, 7% used [0x0000000080000000,0x00000000818491f0,0x0000000093600000)
 Metaspace       used 56679K, capacity 59054K, committed 59136K, reserved 1099776K
  class space    used 7913K, capacity 8406K, committed 8448K, reserved 1048576K
Event: 16.959 GC heap after
Heap after GC invocations=10 (full 3):
 PSYoungGen      total 287744K, used 0K [0x00000000d5580000, 0x00000000f0180000, 0x0000000100000000)
  eden space 265216K, 0% used [0x00000000d5580000,0x00000000d5580000,0x00000000e5880000)
  from space 22528K, 0% used [0x00000000e5880000,0x00000000e5880000,0x00000000e6e80000)
  to   space 26624K, 0% used [0x00000000ee780000,0x00000000ee780000,0x00000000f0180000)
 ParOldGen       total 432128K, used 36300K [0x0000000080000000, 0x000000009a600000, 0x00000000d5580000)
  object space 432128K, 8% used [0x0000000080000000,0x0000000082373050,0x000000009a600000)
 Metaspace       used 56679K, capacity 59054K, committed 59136K, reserved 1099776K
  class space    used 7913K, capacity 8406K, committed 8448K, reserved 1048576K
}
Event: 20.472 GC heap before
{Heap before GC invocations=11 (full 3):
 PSYoungGen      total 287744K, used 265216K [0x00000000d5580000, 0x00000000f0180000, 0x0000000100000000)
  eden space 265216K, 100% used [0x00000000d5580000,0x00000000e5880000,0x00000000e5880000)
  from space 22528K, 0% used [0x00000000e5880000,0x00000000e5880000,0x00000000e6e80000)
  to   space 26624K, 0% used [0x00000000ee780000,0x00000000ee780000,0x00000000f0180000)
 ParOldGen       total 432128K, used 36300K [0x0000000080000000, 0x000000009a600000, 0x00000000d5580000)
  object space 432128K, 8% used [0x0000000080000000,0x0000000082373050,0x000000009a600000)
 Metaspace       used 67173K, capacity 70946K, committed 71168K, reserved 1110016K
  class space    used 9436K, capacity 10124K, committed 10240K, reserved 1048576K
Event: 20.488 GC heap after
Heap after GC invocations=11 (full 3):
 PSYoungGen      total 410624K, used 19844K [0x00000000d5580000, 0x00000000f0400000, 0x0000000100000000)
  eden space 384000K, 0% used [0x00000000d5580000,0x00000000d5580000,0x00000000ecc80000)
  from space 26624K, 74% used [0x00000000ee780000,0x00000000efae11d0,0x00000000f0180000)
  to   space 27648K, 0% used [0x00000000ecc80000,0x00000000ecc80000,0x00000000ee780000)
 ParOldGen       total 432128K, used 36372K [0x0000000080000000, 0x000000009a600000, 0x00000000d5580000)
  object space 432128K, 8% used [0x0000000080000000,0x0000000082385060,0x000000009a600000)
 Metaspace       used 67173K, capacity 70946K, committed 71168K, reserved 1110016K
  class space    used 9436K, capacity 10124K, committed 10240K, reserved 1048576K
}

